<?xml version="1.0" encoding="UTF-8"?>
<!-- Generated by org.testng.reporters.JUnitReportReporter -->
<testsuite skipped="0" hostname="SHMANE2L5" name="com.HybridFrameworkDemo.unitTests.Excelreader_UnitTest001" tests="1" failures="0" timestamp="11 Dec 2020 11:56:31 GMT" time="0.552" errors="0">
  <testcase name="checkConfig" time="0.552" classname="com.HybridFrameworkDemo.unitTests.Excelreader_UnitTest001"/>
</testsuite> <!-- com.HybridFrameworkDemo.unitTests.Excelreader_UnitTest001 -->
